<?xml version="1.0" encoding="UTF-8"?>
<!-- Generated by org.testng.reporters.JUnitReportReporter -->
<testsuite hostname="PUN-5G4T5H2" name="basicSelenium.HandleIframe" tests="1" failures="0" timestamp="6 Feb 2020 06:37:02 GMT" time="3.361" errors="1">
  <testcase name="test1" time="3.361" classname="basicSelenium.HandleIframe">
    <error type="org.openqa.selenium.SessionNotCreatedException" message="session not created: This version of ChromeDriver only supports Chrome version 78
Build info: version: &#039;3.141.59&#039;, revision: &#039;e82be7d358&#039;, time: &#039;2018-11-14T08:25:53&#039;
System info: host: &#039;PUN-5G4T5H2&#039;, ip: &#039;172.16.33.90&#039;, os.name: &#039;Windows 10&#039;, os.arch: &#039;amd64&#039;, os.version: &#039;10.0&#039;, java.version: &#039;1.8.0_221&#039;
Driver info: driver.version: ChromeDriver
remote stacktrace: Backtrace:
	Ordinal0 [0x0027A903+1550595]
	Ordinal0 [0x001FA701+1025793]
	Ordinal0 [0x0017C6E5+509669]
	Ordinal0 [0x0010FC68+64616]
	Ordinal0 [0x0010C594+50580]
	Ordinal0 [0x0012ACE7+175335]
	Ordinal0 [0x0012A8ED+174317]
	Ordinal0 [0x00128CDB+167131]
	Ordinal0 [0x0011144A+70730]
	Ordinal0 [0x001124D0+74960]
	Ordinal0 [0x00112469+74857]
	Ordinal0 [0x002142C7+1131207]
	GetHandleVerifier [0x003170FD+523789]
	GetHandleVerifier [0x00316E90+523168]
	GetHandleVerifier [0x0031E1E7+552695]
	GetHandleVerifier [0x003178FA+525834]
	Ordinal0 [0x0020B7FC+1095676]
	Ordinal0 [0x0021633B+1139515]
	Ordinal0 [0x002164A3+1139875]
	Ordinal0 [0x00215425+1135653]
	BaseThreadInitThunk [0x75B38744+36]
	RtlGetAppContainerNamedObjectPath [0x773958ED+253]
	RtlGetAppContainerNamedObjectPath [0x773958BD+205]
">
      <![CDATA[org.openqa.selenium.SessionNotCreatedException: session not created: This version of ChromeDriver only supports Chrome version 78
Build info: version: '3.141.59', revision: 'e82be7d358', time: '2018-11-14T08:25:53'
System info: host: 'PUN-5G4T5H2', ip: '172.16.33.90', os.name: 'Windows 10', os.arch: 'amd64', os.version: '10.0', java.version: '1.8.0_221'
Driver info: driver.version: ChromeDriver
remote stacktrace: Backtrace:
	Ordinal0 [0x0027A903+1550595]
	Ordinal0 [0x001FA701+1025793]
	Ordinal0 [0x0017C6E5+509669]
	Ordinal0 [0x0010FC68+64616]
	Ordinal0 [0x0010C594+50580]
	Ordinal0 [0x0012ACE7+175335]
	Ordinal0 [0x0012A8ED+174317]
	Ordinal0 [0x00128CDB+167131]
	Ordinal0 [0x0011144A+70730]
	Ordinal0 [0x001124D0+74960]
	Ordinal0 [0x00112469+74857]
	Ordinal0 [0x002142C7+1131207]
	GetHandleVerifier [0x003170FD+523789]
	GetHandleVerifier [0x00316E90+523168]
	GetHandleVerifier [0x0031E1E7+552695]
	GetHandleVerifier [0x003178FA+525834]
	Ordinal0 [0x0020B7FC+1095676]
	Ordinal0 [0x0021633B+1139515]
	Ordinal0 [0x002164A3+1139875]
	Ordinal0 [0x00215425+1135653]
	BaseThreadInitThunk [0x75B38744+36]
	RtlGetAppContainerNamedObjectPath [0x773958ED+253]
	RtlGetAppContainerNamedObjectPath [0x773958BD+205]

	at sun.reflect.NativeConstructorAccessorImpl.newInstance0(Native Method)
	at sun.reflect.NativeConstructorAccessorImpl.newInstance(Unknown Source)
	at sun.reflect.DelegatingConstructorAccessorImpl.newInstance(Unknown Source)
	at java.lang.reflect.Constructor.newInstance(Unknown Source)
	at org.openqa.selenium.remote.W3CHandshakeResponse.lambda$errorHandler$0(W3CHandshakeResponse.java:62)
	at org.openqa.selenium.remote.HandshakeResponse.lambda$getResponseFunction$0(HandshakeResponse.java:30)
	at org.openqa.selenium.remote.ProtocolHandshake.lambda$createSession$0(ProtocolHandshake.java:126)
	at java.util.stream.ReferencePipeline$3$1.accept(Unknown Source)
	at java.util.Spliterators$ArraySpliterator.tryAdvance(Unknown Source)
	at java.util.stream.ReferencePipeline.forEachWithCancel(Unknown Source)
	at java.util.stream.AbstractPipeline.copyIntoWithCancel(Unknown Source)
	at java.util.stream.AbstractPipeline.copyInto(Unknown Source)
	at java.util.stream.AbstractPipeline.wrapAndCopyInto(Unknown Source)
	at java.util.stream.FindOps$FindOp.evaluateSequential(Unknown Source)
	at java.util.stream.AbstractPipeline.evaluate(Unknown Source)
	at java.util.stream.ReferencePipeline.findFirst(Unknown Source)
	at org.openqa.selenium.remote.ProtocolHandshake.createSession(ProtocolHandshake.java:128)
	at org.openqa.selenium.remote.ProtocolHandshake.createSession(ProtocolHandshake.java:74)
	at org.openqa.selenium.remote.HttpCommandExecutor.execute(HttpCommandExecutor.java:136)
	at org.openqa.selenium.remote.service.DriverCommandExecutor.execute(DriverCommandExecutor.java:83)
	at org.openqa.selenium.remote.RemoteWebDriver.execute(RemoteWebDriver.java:552)
	at org.openqa.selenium.remote.RemoteWebDriver.startSession(RemoteWebDriver.java:213)
	at org.openqa.selenium.remote.RemoteWebDriver.<init>(RemoteWebDriver.java:131)
	at org.openqa.selenium.chrome.ChromeDriver.<init>(ChromeDriver.java:181)
	at org.openqa.selenium.chrome.ChromeDriver.<init>(ChromeDriver.java:168)
	at org.openqa.selenium.chrome.ChromeDriver.<init>(ChromeDriver.java:123)
	at basicSelenium.HandleIframe.test1(HandleIframe.java:15)
	at sun.reflect.NativeMethodAccessorImpl.invoke0(Native Method)
	at sun.reflect.NativeMethodAccessorImpl.invoke(Unknown Source)
	at sun.reflect.DelegatingMethodAccessorImpl.invoke(Unknown Source)
	at java.lang.reflect.Method.invoke(Unknown Source)
	at org.testng.internal.MethodInvocationHelper.invokeMethod(MethodInvocationHelper.java:86)
	at org.testng.internal.Invoker.invokeMethod(Invoker.java:646)
	at org.testng.internal.Invoker.invokeTestMethod(Invoker.java:823)
	at org.testng.internal.Invoker.invokeTestMethods(Invoker.java:1131)
	at org.testng.internal.TestMethodWorker.invokeTestMethods(TestMethodWorker.java:129)
	at org.testng.internal.TestMethodWorker.run(TestMethodWorker.java:112)
	at org.testng.TestRunner.privateRun(TestRunner.java:778)
	at org.testng.TestRunner.run(TestRunner.java:632)
	at org.testng.SuiteRunner.runTest(SuiteRunner.java:366)
	at org.testng.SuiteRunner.runSequentially(SuiteRunner.java:361)
	at org.testng.SuiteRunner.privateRun(SuiteRunner.java:319)
	at org.testng.SuiteRunner.run(SuiteRunner.java:268)
	at org.testng.SuiteRunnerWorker.runSuite(SuiteRunnerWorker.java:52)
	at org.testng.SuiteRunnerWorker.run(SuiteRunnerWorker.java:86)
	at org.testng.TestNG.runSuitesSequentially(TestNG.java:1225)
	at org.testng.TestNG.runSuitesLocally(TestNG.java:1150)
	at org.testng.TestNG.runSuites(TestNG.java:1075)
	at org.testng.TestNG.run(TestNG.java:1047)
	at org.testng.remote.AbstractRemoteTestNG.run(AbstractRemoteTestNG.java:126)
	at org.testng.remote.RemoteTestNG.initAndRun(RemoteTestNG.java:137)
	at org.testng.remote.RemoteTestNG.main(RemoteTestNG.java:58)
]]>
    </error>
  </testcase> <!-- test1 -->
</testsuite> <!-- basicSelenium.HandleIframe -->
