<?xml version="1.0" encoding="UTF-8"?>
<!-- Generated by org.testng.reporters.JUnitXMLReporter -->
<testsuite hostname="PUN-5G4T5H2" name="Default test" tests="2" failures="0" timestamp="11 May 2020 16:11:19 GMT" time="3.579" errors="0">
  <testcase name="@BeforeClass setup" time="0.0" classname="testSripts.LoginWithMultipleData">
    <failure type="org.openqa.selenium.SessionNotCreatedException" message="session not created: This version of ChromeDriver only supports Chrome version 78
Build info: version: &amp;apos;3.141.59&amp;apos;, revision: &amp;apos;e82be7d358&amp;apos;, time: &amp;apos;2018-11-14T08:25:53&amp;apos;
System info: host: &amp;apos;PUN-5G4T5H2&amp;apos;, ip: &amp;apos;192.168.0.104&amp;apos;, os.name: &amp;apos;Windows 10&amp;apos;, os.arch: &amp;apos;amd64&amp;apos;, os.version: &amp;apos;10.0&amp;apos;, java.version: &amp;apos;1.8.0_221&amp;apos;
Driver info: driver.version: ChromeDriver
remote stacktrace: Backtrace:
	Ordinal0 [0x00F6A903+1550595]
	Ordinal0 [0x00EEA701+1025793]
	Ordinal0 [0x00E6C6E5+509669]
	Ordinal0 [0x00DFFC68+64616]
	Ordinal0 [0x00DFC594+50580]
	Ordinal0 [0x00E1ACE7+175335]
	Ordinal0 [0x00E1A8ED+174317]
	Ordinal0 [0x00E18CDB+167131]
	Ordinal0 [0x00E0144A+70730]
	Ordinal0 [0x00E024D0+74960]
	Ordinal0 [0x00E02469+74857]
	Ordinal0 [0x00F042C7+1131207]
	GetHandleVerifier [0x010070FD+523789]
	GetHandleVerifier [0x01006E90+523168]
	GetHandleVerifier [0x0100E1E7+552695]
	GetHandleVerifier [0x010078FA+525834]
	Ordinal0 [0x00EFB7FC+1095676]
	Ordinal0 [0x00F0633B+1139515]
	Ordinal0 [0x00F064A3+1139875]
	Ordinal0 [0x00F05425+1135653]
	BaseThreadInitThunk [0x777D8744+36]
	RtlGetAppContainerNamedObjectPath [0x77EB58ED+253]
	RtlGetAppContainerNamedObjectPath [0x77EB58BD+205]
">
      <![CDATA[org.openqa.selenium.SessionNotCreatedException: session not created: This version of ChromeDriver only supports Chrome version 78
Build info: version: '3.141.59', revision: 'e82be7d358', time: '2018-11-14T08:25:53'
System info: host: 'PUN-5G4T5H2', ip: '192.168.0.104', os.name: 'Windows 10', os.arch: 'amd64', os.version: '10.0', java.version: '1.8.0_221'
Driver info: driver.version: ChromeDriver
remote stacktrace: Backtrace:
	Ordinal0 [0x00F6A903+1550595]
	Ordinal0 [0x00EEA701+1025793]
	Ordinal0 [0x00E6C6E5+509669]
	Ordinal0 [0x00DFFC68+64616]
	Ordinal0 [0x00DFC594+50580]
	Ordinal0 [0x00E1ACE7+175335]
	Ordinal0 [0x00E1A8ED+174317]
	Ordinal0 [0x00E18CDB+167131]
	Ordinal0 [0x00E0144A+70730]
	Ordinal0 [0x00E024D0+74960]
	Ordinal0 [0x00E02469+74857]
	Ordinal0 [0x00F042C7+1131207]
	GetHandleVerifier [0x010070FD+523789]
	GetHandleVerifier [0x01006E90+523168]
	GetHandleVerifier [0x0100E1E7+552695]
	GetHandleVerifier [0x010078FA+525834]
	Ordinal0 [0x00EFB7FC+1095676]
	Ordinal0 [0x00F0633B+1139515]
	Ordinal0 [0x00F064A3+1139875]
	Ordinal0 [0x00F05425+1135653]
	BaseThreadInitThunk [0x777D8744+36]
	RtlGetAppContainerNamedObjectPath [0x77EB58ED+253]
	RtlGetAppContainerNamedObjectPath [0x77EB58BD+205]

	at sun.reflect.NativeConstructorAccessorImpl.newInstance0(Native Method)
	at sun.reflect.NativeConstructorAccessorImpl.newInstance(Unknown Source)
	at sun.reflect.DelegatingConstructorAccessorImpl.newInstance(Unknown Source)
	at java.lang.reflect.Constructor.newInstance(Unknown Source)
	at org.openqa.selenium.remote.W3CHandshakeResponse.lambda$errorHandler$0(W3CHandshakeResponse.java:62)
	at org.openqa.selenium.remote.HandshakeResponse.lambda$getResponseFunction$0(HandshakeResponse.java:30)
	at org.openqa.selenium.remote.ProtocolHandshake.lambda$createSession$0(ProtocolHandshake.java:126)
	at java.util.stream.ReferencePipeline$3$1.accept(Unknown Source)
	at java.util.Spliterators$ArraySpliterator.tryAdvance(Unknown Source)
	at java.util.stream.ReferencePipeline.forEachWithCancel(Unknown Source)
	at java.util.stream.AbstractPipeline.copyIntoWithCancel(Unknown Source)
	at java.util.stream.AbstractPipeline.copyInto(Unknown Source)
	at java.util.stream.AbstractPipeline.wrapAndCopyInto(Unknown Source)
	at java.util.stream.FindOps$FindOp.evaluateSequential(Unknown Source)
	at java.util.stream.AbstractPipeline.evaluate(Unknown Source)
	at java.util.stream.ReferencePipeline.findFirst(Unknown Source)
	at org.openqa.selenium.remote.ProtocolHandshake.createSession(ProtocolHandshake.java:128)
	at org.openqa.selenium.remote.ProtocolHandshake.createSession(ProtocolHandshake.java:74)
	at org.openqa.selenium.remote.HttpCommandExecutor.execute(HttpCommandExecutor.java:136)
	at org.openqa.selenium.remote.service.DriverCommandExecutor.execute(DriverCommandExecutor.java:83)
	at org.openqa.selenium.remote.RemoteWebDriver.execute(RemoteWebDriver.java:552)
	at org.openqa.selenium.remote.RemoteWebDriver.startSession(RemoteWebDriver.java:213)
	at org.openqa.selenium.remote.RemoteWebDriver.<init>(RemoteWebDriver.java:131)
	at org.openqa.selenium.chrome.ChromeDriver.<init>(ChromeDriver.java:181)
	at org.openqa.selenium.chrome.ChromeDriver.<init>(ChromeDriver.java:168)
	at org.openqa.selenium.chrome.ChromeDriver.<init>(ChromeDriver.java:123)
	at library.ApplicationLibrary.launchApplication(ApplicationLibrary.java:44)
	at testSripts.LoginWithMultipleData.setup(LoginWithMultipleData.java:31)
	at sun.reflect.NativeMethodAccessorImpl.invoke0(Native Method)
	at sun.reflect.NativeMethodAccessorImpl.invoke(Unknown Source)
	at sun.reflect.DelegatingMethodAccessorImpl.invoke(Unknown Source)
	at java.lang.reflect.Method.invoke(Unknown Source)
	at org.testng.internal.MethodInvocationHelper.invokeMethod(MethodInvocationHelper.java:86)
	at org.testng.internal.Invoker.invokeConfigurationMethod(Invoker.java:515)
	at org.testng.internal.Invoker.invokeConfigurations(Invoker.java:216)
	at org.testng.internal.Invoker.invokeConfigurations(Invoker.java:143)
	at org.testng.internal.TestMethodWorker.invokeBeforeClassMethods(TestMethodWorker.java:178)
	at org.testng.internal.TestMethodWorker.run(TestMethodWorker.java:108)
	at org.testng.TestRunner.privateRun(TestRunner.java:778)
	at org.testng.TestRunner.run(TestRunner.java:632)
	at org.testng.SuiteRunner.runTest(SuiteRunner.java:366)
	at org.testng.SuiteRunner.runSequentially(SuiteRunner.java:361)
	at org.testng.SuiteRunner.privateRun(SuiteRunner.java:319)
	at org.testng.SuiteRunner.run(SuiteRunner.java:268)
	at org.testng.SuiteRunnerWorker.runSuite(SuiteRunnerWorker.java:52)
	at org.testng.SuiteRunnerWorker.run(SuiteRunnerWorker.java:86)
	at org.testng.TestNG.runSuitesSequentially(TestNG.java:1225)
	at org.testng.TestNG.runSuitesLocally(TestNG.java:1150)
	at org.testng.TestNG.runSuites(TestNG.java:1075)
	at org.testng.TestNG.run(TestNG.java:1047)
	at org.testng.remote.AbstractRemoteTestNG.run(AbstractRemoteTestNG.java:126)
	at org.testng.remote.RemoteTestNG.initAndRun(RemoteTestNG.java:137)
	at org.testng.remote.RemoteTestNG.main(RemoteTestNG.java:58)
]]>
    </failure>
  </testcase> <!-- @BeforeClass setup -->
  <testcase name="@AfterClass tearoff" time="0.0" classname="testSripts.LoginWithMultipleData">
    <skipped/>
  </testcase> <!-- @AfterClass tearoff -->
  <testcase name="loginTest" time="0.0" classname="testSripts.LoginWithMultipleData">
    <skipped/>
  </testcase> <!-- loginTest -->
  <testcase name="logout" time="0.0" classname="testSripts.LoginWithMultipleData">
    <skipped/>
  </testcase> <!-- logout -->
</testsuite> <!-- Default test -->
